# JRE version: Java(TM) SE Runtime Environment (19.0+36) (build 19+36-2238)
# Java VM: Java HotSpot(TM) 64-Bit Server VM (19+36-2238, mixed mode, sharing, tiered, compressed oops, compressed class ptrs, g1 gc, windows-amd64)
GC Precious Log:
 CardTable entry size: 512
 Card Set container configuration: InlinePtr #cards 5 size 8 Array Of Cards #cards 12 size 40 Howl #buckets 4 coarsen threshold 1843 Howl Bitmap #cards 512 size 80 coarsen threshold 460 Card regions per heap region 1 cards per card region 2048
 CPUs: 4 total, 4 available
 Memory: 8064M
 Large Page Support: Disabled
 NUMA Support: Disabled
 Compressed Oops: Enabled (32-bit)
 Heap Region Size: 1M
 Heap Min Capacity: 8M
 Heap Initial Capacity: 128M
 Heap Max Capacity: 2018M
 Pre-touch: Disabled
 Parallel Workers: 4
 Concurrent Workers: 1
 Concurrent Refinement Workers: 4
 Periodic GC: Disabled
Heap:
 garbage-first heap   total 174080K, used 124335K [0x0000000081e00000, 0x0000000100000000)
  region size 1024K, 68 young (69632K), 1 survivors (1024K)
 Metaspace       used 70921K, committed 71680K, reserved 1114112K
  class space    used 9125K, committed 9472K, reserved 1048576K
GC Heap History (20 events):
Event: 331.547 GC heap before
{Heap before GC invocations=23 (full 0):
 garbage-first heap   total 70656K, used 55294K [0x0000000081e00000, 0x0000000100000000)
  region size 1024K, 19 young (19456K), 3 survivors (3072K)
 Metaspace       used 65955K, committed 66752K, reserved 1114112K
  class space    used 8437K, committed 8832K, reserved 1048576K
}
Event: 331.563 GC heap after
{Heap after GC invocations=24 (full 0):
 garbage-first heap   total 70656K, used 45356K [0x0000000081e00000, 0x0000000100000000)
  region size 1024K, 3 young (3072K), 3 survivors (3072K)
 Metaspace       used 65955K, committed 66752K, reserved 1114112K
  class space    used 8437K, committed 8832K, reserved 1048576K
}
Event: 332.267 GC heap before
{Heap before GC invocations=24 (full 0):
 garbage-first heap   total 70656K, used 53548K [0x0000000081e00000, 0x0000000100000000)
  region size 1024K, 12 young (12288K), 3 survivors (3072K)
 Metaspace       used 66013K, committed 66752K, reserved 1114112K
  class space    used 8443K, committed 8832K, reserved 1048576K
}
Event: 332.274 GC heap after
{Heap after GC invocations=25 (full 0):
 garbage-first heap   total 70656K, used 47714K [0x0000000081e00000, 0x0000000100000000)
  region size 1024K, 2 young (2048K), 2 survivors (2048K)
 Metaspace       used 66013K, committed 66752K, reserved 1114112K
  class space    used 8443K, committed 8832K, reserved 1048576K
}
Event: 332.521 GC heap before
{Heap before GC invocations=25 (full 0):
 garbage-first heap   total 70656K, used 55906K [0x0000000081e00000, 0x0000000100000000)
  region size 1024K, 10 young (10240K), 2 survivors (2048K)
 Metaspace       used 66017K, committed 66816K, reserved 1114112K
  class space    used 8443K, committed 8832K, reserved 1048576K
}
Event: 332.526 GC heap after
{Heap after GC invocations=26 (full 0):
 garbage-first heap   total 70656K, used 50790K [0x0000000081e00000, 0x0000000100000000)
  region size 1024K, 2 young (2048K), 2 survivors (2048K)
 Metaspace       used 66017K, committed 66816K, reserved 1114112K
  class space    used 8443K, committed 8832K, reserved 1048576K
}
Event: 332.869 GC heap before
{Heap before GC invocations=27 (full 0):
 garbage-first heap   total 89088K, used 55910K [0x0000000081e00000, 0x0000000100000000)
  region size 1024K, 8 young (8192K), 2 survivors (2048K)
 Metaspace       used 66017K, committed 66816K, reserved 1114112K
  class space    used 8443K, committed 8832K, reserved 1048576K
}
Event: 332.873 GC heap after
{Heap after GC invocations=28 (full 0):
 garbage-first heap   total 89088K, used 51804K [0x0000000081e00000, 0x0000000100000000)
  region size 1024K, 1 young (1024K), 1 survivors (1024K)
 Metaspace       used 66017K, committed 66816K, reserved 1114112K
  class space    used 8443K, committed 8832K, reserved 1048576K
}
Event: 332.912 GC heap before
{Heap before GC invocations=28 (full 0):
 garbage-first heap   total 89088K, used 54876K [0x0000000081e00000, 0x0000000100000000)
  region size 1024K, 4 young (4096K), 1 survivors (1024K)
 Metaspace       used 66017K, committed 66816K, reserved 1114112K
  class space    used 8443K, committed 8832K, reserved 1048576K
}
Event: 332.916 GC heap after
{Heap after GC invocations=29 (full 0):
 garbage-first heap   total 89088K, used 52489K [0x0000000081e00000, 0x0000000100000000)
  region size 1024K, 1 young (1024K), 1 survivors (1024K)
 Metaspace       used 66017K, committed 66816K, reserved 1114112K
  class space    used 8443K, committed 8832K, reserved 1048576K
}
Event: 333.971 GC heap before
{Heap before GC invocations=29 (full 0):
 garbage-first heap   total 89088K, used 69897K [0x0000000081e00000, 0x0000000100000000)
  region size 1024K, 17 young (17408K), 1 survivors (1024K)
 Metaspace       used 66032K, committed 66816K, reserved 1114112K
  class space    used 8443K, committed 8832K, reserved 1048576K
}
Event: 333.978 GC heap after
{Heap after GC invocations=30 (full 0):
 garbage-first heap   total 89088K, used 55553K [0x0000000081e00000, 0x0000000100000000)
  region size 1024K, 3 young (3072K), 3 survivors (3072K)
 Metaspace       used 66032K, committed 66816K, reserved 1114112K
  class space    used 8443K, committed 8832K, reserved 1048576K
}
Event: 334.185 GC heap before
{Heap before GC invocations=30 (full 0):
 garbage-first heap   total 89088K, used 69889K [0x0000000081e00000, 0x0000000100000000)
  region size 1024K, 17 young (17408K), 3 survivors (3072K)
 Metaspace       used 66045K, committed 66816K, reserved 1114112K
  class space    used 8443K, committed 8832K, reserved 1048576K
}
Event: 334.199 GC heap after
{Heap after GC invocations=31 (full 0):
 garbage-first heap   total 89088K, used 61625K [0x0000000081e00000, 0x0000000100000000)
  region size 1024K, 3 young (3072K), 3 survivors (3072K)
 Metaspace       used 66045K, committed 66816K, reserved 1114112K
  class space    used 8443K, committed 8832K, reserved 1048576K
}
Event: 335.098 GC heap before
{Heap before GC invocations=31 (full 0):
 garbage-first heap   total 89088K, used 69817K [0x0000000081e00000, 0x0000000100000000)
  region size 1024K, 11 young (11264K), 3 survivors (3072K)
 Metaspace       used 66100K, committed 66880K, reserved 1114112K
  class space    used 8447K, committed 8832K, reserved 1048576K
}
Event: 335.106 GC heap after
{Heap after GC invocations=32 (full 0):
 garbage-first heap   total 174080K, used 63891K [0x0000000081e00000, 0x0000000100000000)
  region size 1024K, 2 young (2048K), 2 survivors (2048K)
 Metaspace       used 66100K, committed 66880K, reserved 1114112K
  class space    used 8447K, committed 8832K, reserved 1048576K
}
Event: 336.581 GC heap before
{Heap before GC invocations=33 (full 0):
 garbage-first heap   total 174080K, used 120211K [0x0000000081e00000, 0x0000000100000000)
  region size 1024K, 58 young (59392K), 2 survivors (2048K)
 Metaspace       used 66175K, committed 66944K, reserved 1114112K
  class space    used 8447K, committed 8832K, reserved 1048576K
}
Event: 336.584 GC heap after
{Heap after GC invocations=34 (full 0):
 garbage-first heap   total 174080K, used 61757K [0x0000000081e00000, 0x0000000100000000)
  region size 1024K, 2 young (2048K), 2 survivors (2048K)
 Metaspace       used 66175K, committed 66944K, reserved 1114112K
  class space    used 8447K, committed 8832K, reserved 1048576K
}
Event: 336.608 GC heap before
{Heap before GC invocations=34 (full 0):
 garbage-first heap   total 174080K, used 68925K [0x0000000081e00000, 0x0000000100000000)
  region size 1024K, 8 young (8192K), 2 survivors (2048K)
 Metaspace       used 66175K, committed 66944K, reserved 1114112K
  class space    used 8447K, committed 8832K, reserved 1048576K
}
Event: 336.613 GC heap after
{Heap after GC invocations=35 (full 0):
 garbage-first heap   total 174080K, used 56751K [0x0000000081e00000, 0x0000000100000000)
  region size 1024K, 1 young (1024K), 1 survivors (1024K)
 Metaspace       used 66175K, committed 66944K, reserved 1114112K
  class space    used 8447K, committed 8832K, reserved 1048576K
}

